<?xml version="1.0" encoding="UTF-8"?>
<testng-results ignored="0" total="4" passed="4" failed="0" skipped="0">
  <reporter-output>
  </reporter-output>
  <suite started-at="2023-01-13T22:55:18 WIB" name="Default suite" finished-at="2023-01-13T22:55:42 WIB" duration-ms="24009">
    <groups>
    </groups>
    <test started-at="2023-01-13T22:55:18 WIB" name="Default test" finished-at="2023-01-13T22:55:42 WIB" duration-ms="24009">
      <class name="tests.AmazonTest">
        <test-method is-config="true" signature="setup()[pri:0, instance:tests.AmazonTest@5824a83d]" started-at="2023-01-13T22:55:18 WIB" name="setup" finished-at="2023-01-13T22:55:24 WIB" duration-ms="5811" status="PASS">
          <reporter-output>
          </reporter-output>
        </test-method> <!-- setup -->
        <test-method signature="amazonHome()[pri:0, instance:tests.AmazonTest@5824a83d]" started-at="2023-01-13T22:55:24 WIB" name="amazonHome" finished-at="2023-01-13T22:55:27 WIB" duration-ms="3171" status="PASS">
          <reporter-output>
          </reporter-output>
        </test-method> <!-- amazonHome -->
        <test-method signature="amazonTAV()[pri:0, instance:tests.AmazonTest@5824a83d]" started-at="2023-01-13T22:55:27 WIB" name="amazonTAV" finished-at="2023-01-13T22:55:30 WIB" depends-on-methods="tests.AmazonTest.amazonHome" duration-ms="2622" status="PASS">
          <reporter-output>
          </reporter-output>
        </test-method> <!-- amazonTAV -->
        <test-method signature="amazonTV()[pri:0, instance:tests.AmazonTest@5824a83d]" started-at="2023-01-13T22:55:30 WIB" name="amazonTV" finished-at="2023-01-13T22:55:40 WIB" depends-on-methods="tests.AmazonTest.amazonTAV" duration-ms="10753" status="PASS">
          <reporter-output>
          </reporter-output>
        </test-method> <!-- amazonTV -->
        <test-method signature="amazonSignIn()[pri:0, instance:tests.AmazonTest@5824a83d]" started-at="2023-01-13T22:55:40 WIB" name="amazonSignIn" finished-at="2023-01-13T22:55:42 WIB" depends-on-methods="tests.AmazonTest.amazonTV" duration-ms="1420" status="PASS">
          <reporter-output>
          </reporter-output>
        </test-method> <!-- amazonSignIn -->
        <test-method is-config="true" signature="tearDown()[pri:0, instance:tests.AmazonTest@5824a83d]" started-at="2023-01-13T22:55:42 WIB" name="tearDown" finished-at="2023-01-13T22:55:42 WIB" duration-ms="188" status="PASS">
          <reporter-output>
          </reporter-output>
        </test-method> <!-- tearDown -->
      </class> <!-- tests.AmazonTest -->
    </test> <!-- Default test -->
  </suite> <!-- Default suite -->
</testng-results>
