<?xml version="1.0" encoding="UTF-8"?>
<!-- Generated by org.testng.reporters.JUnitXMLReporter -->
<testsuite ignored="0" hostname="rafid-Yoga-Slim-7-14IIL05" failures="0" tests="4" name="Default test" time="24.009" errors="0" timestamp="2023-01-13T22:55:42 WIB">
  <testcase classname="tests.AmazonTest" name="amazonHome" time="3.171"/>
  <testcase classname="tests.AmazonTest" name="amazonTAV" time="2.622"/>
  <testcase classname="tests.AmazonTest" name="amazonTV" time="10.753"/>
  <testcase classname="tests.AmazonTest" name="amazonSignIn" time="1.42"/>
</testsuite> <!-- Default test -->
